2025-05-27 19:22:47,484 INFO o.a.j.u.JMeterUtils: Setting Locale to en_EN
2025-05-27 19:22:47,500 INFO o.a.j.JMeter: Loading user properties from: D:\geneticoconcorrentejava\apache-jmeter-5.6.3\bin\user.properties
2025-05-27 19:22:47,500 INFO o.a.j.JMeter: Loading system properties from: D:\geneticoconcorrentejava\apache-jmeter-5.6.3\bin\system.properties
2025-05-27 19:22:47,500 INFO o.a.j.JMeter: Setting JMeter property: threads=1
2025-05-27 19:22:47,500 INFO o.a.j.JMeter: Setting JMeter property: gc=ParallelGC
2025-05-27 19:22:47,500 INFO o.a.j.JMeter: Setting JMeter property: dataset=data/biomarcadores_1gb.txt
2025-05-27 19:22:47,501 INFO o.a.j.JMeter: Setting JMeter property: jfrFile=results/jmeter_gc_jfr/jfr/benchmarkFitness_ParallelGC.jfr
2025-05-27 19:22:47,501 INFO o.a.j.JMeter: Setting JMeter property: method=benchmarkFitness
2025-05-27 19:22:47,505 INFO o.a.j.JMeter: Copyright (c) 1998-2024 The Apache Software Foundation
2025-05-27 19:22:47,506 INFO o.a.j.JMeter: Version 5.6.3
2025-05-27 19:22:47,506 INFO o.a.j.JMeter: java.version=21.0.2
2025-05-27 19:22:47,506 INFO o.a.j.JMeter: java.vm.name=Java HotSpot(TM) 64-Bit Server VM
2025-05-27 19:22:47,506 INFO o.a.j.JMeter: os.name=Windows 11
2025-05-27 19:22:47,506 INFO o.a.j.JMeter: os.arch=amd64
2025-05-27 19:22:47,506 INFO o.a.j.JMeter: os.version=10.0
2025-05-27 19:22:47,506 INFO o.a.j.JMeter: file.encoding=UTF-8
2025-05-27 19:22:47,506 INFO o.a.j.JMeter: java.awt.headless=true
2025-05-27 19:22:47,506 INFO o.a.j.JMeter: Max memory     =1073741824
2025-05-27 19:22:47,506 INFO o.a.j.JMeter: Available Processors =8
2025-05-27 19:22:47,518 INFO o.a.j.JMeter: Default Locale=English (EN)
2025-05-27 19:22:47,519 INFO o.a.j.JMeter: JMeter  Locale=English (EN)
2025-05-27 19:22:47,519 INFO o.a.j.JMeter: JMeterHome=D:\geneticoconcorrentejava\apache-jmeter-5.6.3
2025-05-27 19:22:47,519 INFO o.a.j.JMeter: user.dir  =D:\geneticoconcorrentejava
2025-05-27 19:22:47,519 INFO o.a.j.JMeter: PWD       =D:\geneticoconcorrentejava
2025-05-27 19:22:47,524 INFO o.a.j.JMeter: IP: 192.168.56.1 Name: LAPTOP-AVVOLNPR FullName: LAPTOP-AVVOLNPR
2025-05-27 19:22:47,537 INFO o.a.j.s.FileServer: Default base='D:\geneticoconcorrentejava'
2025-05-27 19:22:47,539 INFO o.a.j.s.FileServer: Set new base='D:\geneticoconcorrentejava\scripts'
2025-05-27 19:22:47,786 INFO o.a.j.s.SaveService: Testplan (JMX) version: 2.2. Testlog (JTL) version: 2.2
2025-05-27 19:22:47,819 INFO o.a.j.s.SaveService: Using SaveService properties version 5.0
2025-05-27 19:22:47,822 INFO o.a.j.s.SaveService: Using SaveService properties file encoding UTF-8
2025-05-27 19:22:47,825 INFO o.a.j.s.SaveService: Loading file: scripts\jmeter_serial_test.jmx
2025-05-27 19:22:47,915 INFO o.a.j.JMeter: Creating summariser <summary>
2025-05-27 19:22:47,928 INFO o.a.j.e.StandardJMeterEngine: Running the test!
2025-05-27 19:22:47,930 INFO o.a.j.s.SampleEvent: List of sample_variables: []
2025-05-27 19:22:47,930 INFO o.a.j.s.SampleEvent: List of sample_variables: []
2025-05-27 19:22:47,936 INFO o.a.j.e.u.CompoundVariable: Note: Function class names must contain the string: '.functions.'
2025-05-27 19:22:47,936 INFO o.a.j.e.u.CompoundVariable: Note: Function class names must not contain the string: '.gui.'
2025-05-27 19:22:48,201 INFO o.a.j.JMeter: Running test (1748384568201)
2025-05-27 19:22:48,216 INFO o.a.j.e.StandardJMeterEngine: Starting ThreadGroup: 1 : GA Serial ThreadGroup
2025-05-27 19:22:48,217 INFO o.a.j.e.StandardJMeterEngine: Starting 1 threads for group GA Serial ThreadGroup.
2025-05-27 19:22:48,217 INFO o.a.j.e.StandardJMeterEngine: Thread will continue on error
2025-05-27 19:22:48,217 INFO o.a.j.t.ThreadGroup: Starting thread group... number=1 threads=1 ramp-up=1 delayedStart=false
2025-05-27 19:22:48,220 INFO o.a.j.t.ThreadGroup: Started thread group number 1
2025-05-27 19:22:48,220 INFO o.a.j.e.StandardJMeterEngine: All thread groups have been started
2025-05-27 19:22:48,221 INFO o.a.j.t.JMeterThread: Thread started: GA Serial ThreadGroup 1-1
2025-05-27 19:22:48,224 INFO o.a.j.s.SampleResult: Note: Sample TimeStamps are START times
2025-05-27 19:22:48,224 INFO o.a.j.s.SampleResult: sampleresult.default.encoding is set to UTF-8
2025-05-27 19:22:48,224 INFO o.a.j.s.SampleResult: sampleresult.useNanoTime=true
2025-05-27 19:22:48,224 INFO o.a.j.s.SampleResult: sampleresult.nanoThreadSleep=5000
2025-05-27 19:22:49,250 INFO o.a.j.p.j.s.J.Executar GA Serial: GA Output: [0.345s][error][jfr,startup] Could not start recording, not able to write to file results/jfr/default.jfr. D:\geneticoconcorrentejava\results\jfr\default.jfr 
Error occurred during initialization of VM
Failure when starting JFR on_create_vm_3

2025-05-27 19:22:49,252 INFO o.a.j.t.JMeterThread: Thread is done: GA Serial ThreadGroup 1-1
2025-05-27 19:22:49,252 INFO o.a.j.t.JMeterThread: Thread finished: GA Serial ThreadGroup 1-1
2025-05-27 19:22:49,252 INFO o.a.j.e.StandardJMeterEngine: Notifying test listeners of end of test
2025-05-27 19:22:49,256 INFO o.a.j.r.Summariser: summary =      1 in 00:00:01 =    0.9/s Avg:  1026 Min:  1026 Max:  1026 Err:     0 (0.00%)
